<?xml version="1.0" encoding="UTF-8"?>
<!-- Generated by org.testng.reporters.JUnitXMLReporter -->
<testsuite hostname="sl-PC" name="GiftDish" tests="1" failures="1" timestamp="27 Mar 2017 03:35:23 GMT" time="52.99" errors="0">
  <testcase name="aGiftDish" time="26.063" classname="testcase.GiftDish">
    <failure type="java.lang.AssertionError" message="null">
      <![CDATA[java.lang.AssertionError: null
	at utils.ShopChrome.changeFrame(ShopChrome.java:309)
	at page.OrderManage.selectDesks(OrderManage.java:156)
	at testcase.GiftDish.aGiftDish(GiftDish.java:35)
	at java.util.concurrent.ThreadPoolExecutor.runWorker(ThreadPoolExecutor.java:1145)
	at java.util.concurrent.ThreadPoolExecutor$Worker.run(ThreadPoolExecutor.java:615)
	at java.lang.Thread.run(Thread.java:745)
... Removed 12 stack frames]]>
    </failure>
  </testcase> <!-- aGiftDish -->
</testsuite> <!-- GiftDish -->
